SF:/home/xavier/Projects/adr-tools-alt/src/adr.rs
FN:233,_RNCNvNtCsimcndrxsKi7_13adr_tools_alt3adr10get_editor0B5_
FN:231,_RNvNtCsimcndrxsKi7_13adr_tools_alt3adr10get_editor
FN:182,_RNvNtCsimcndrxsKi7_13adr_tools_alt3adr11is_adr_file
FN:119,_RNvNtCsimcndrxsKi7_13adr_tools_alt3adr12generate_toc
FN:187,_RNvNtCsimcndrxsKi7_13adr_tools_alt3adr13extract_title
FN:153,_RNvNtCsimcndrxsKi7_13adr_tools_alt3adr14generate_graph
FN:159,_RNvNtCsimcndrxsKi7_13adr_tools_alt3adr15get_next_number
FN:206,_RNvNtCsimcndrxsKi7_13adr_tools_alt3adr21update_superseded_adr
FN:175,_RNvNtCsimcndrxsKi7_13adr_tools_alt3adr28extract_number_from_filename
FN:44,_RNvNtCsimcndrxsKi7_13adr_tools_alt3adr3new
FN:11,_RNvNtCsimcndrxsKi7_13adr_tools_alt3adr4init
FN:79,_RNvNtCsimcndrxsKi7_13adr_tools_alt3adr4list
FN:110,_RNvNtCsimcndrxsKi7_13adr_tools_alt3adr8generate
FN:233,_RNCNvNtCsjBUuUdhrWoe_13adr_tools_alt3adr10get_editor0B5_
FN:231,_RNvNtCsjBUuUdhrWoe_13adr_tools_alt3adr10get_editor
FN:119,_RNvNtCsjBUuUdhrWoe_13adr_tools_alt3adr12generate_toc
FN:187,_RNvNtCsjBUuUdhrWoe_13adr_tools_alt3adr13extract_title
FN:153,_RNvNtCsjBUuUdhrWoe_13adr_tools_alt3adr14generate_graph
FN:159,_RNvNtCsjBUuUdhrWoe_13adr_tools_alt3adr15get_next_number
FN:206,_RNvNtCsjBUuUdhrWoe_13adr_tools_alt3adr21update_superseded_adr
FN:44,_RNvNtCsjBUuUdhrWoe_13adr_tools_alt3adr3new
FN:11,_RNvNtCsjBUuUdhrWoe_13adr_tools_alt3adr4init
FN:79,_RNvNtCsjBUuUdhrWoe_13adr_tools_alt3adr4list
FN:110,_RNvNtCsjBUuUdhrWoe_13adr_tools_alt3adr8generate
FN:182,_RNvNtCsjBUuUdhrWoe_13adr_tools_alt3adr11is_adr_file
FN:175,_RNvNtCsjBUuUdhrWoe_13adr_tools_alt3adr28extract_number_from_filename
FN:250,_RNvNtNtCsjBUuUdhrWoe_13adr_tools_alt3adr5testss_16test_is_adr_file
FN:242,_RNvNtNtCsjBUuUdhrWoe_13adr_tools_alt3adr5testss_33test_extract_number_from_filename
FNDA:0,_RNCNvNtCsimcndrxsKi7_13adr_tools_alt3adr10get_editor0B5_
FNDA:0,_RNvNtCsimcndrxsKi7_13adr_tools_alt3adr10get_editor
FNDA:0,_RNvNtCsimcndrxsKi7_13adr_tools_alt3adr11is_adr_file
FNDA:0,_RNvNtCsimcndrxsKi7_13adr_tools_alt3adr12generate_toc
FNDA:0,_RNvNtCsimcndrxsKi7_13adr_tools_alt3adr13extract_title
FNDA:0,_RNvNtCsimcndrxsKi7_13adr_tools_alt3adr14generate_graph
FNDA:0,_RNvNtCsimcndrxsKi7_13adr_tools_alt3adr15get_next_number
FNDA:0,_RNvNtCsimcndrxsKi7_13adr_tools_alt3adr21update_superseded_adr
FNDA:0,_RNvNtCsimcndrxsKi7_13adr_tools_alt3adr28extract_number_from_filename
FNDA:0,_RNvNtCsimcndrxsKi7_13adr_tools_alt3adr3new
FNDA:0,_RNvNtCsimcndrxsKi7_13adr_tools_alt3adr4init
FNDA:0,_RNvNtCsimcndrxsKi7_13adr_tools_alt3adr4list
FNDA:0,_RNvNtCsimcndrxsKi7_13adr_tools_alt3adr8generate
FNDA:0,_RNCNvNtCsjBUuUdhrWoe_13adr_tools_alt3adr10get_editor0B5_
FNDA:0,_RNvNtCsjBUuUdhrWoe_13adr_tools_alt3adr10get_editor
FNDA:0,_RNvNtCsjBUuUdhrWoe_13adr_tools_alt3adr12generate_toc
FNDA:0,_RNvNtCsjBUuUdhrWoe_13adr_tools_alt3adr13extract_title
FNDA:0,_RNvNtCsjBUuUdhrWoe_13adr_tools_alt3adr14generate_graph
FNDA:0,_RNvNtCsjBUuUdhrWoe_13adr_tools_alt3adr15get_next_number
FNDA:0,_RNvNtCsjBUuUdhrWoe_13adr_tools_alt3adr21update_superseded_adr
FNDA:0,_RNvNtCsjBUuUdhrWoe_13adr_tools_alt3adr3new
FNDA:0,_RNvNtCsjBUuUdhrWoe_13adr_tools_alt3adr4init
FNDA:0,_RNvNtCsjBUuUdhrWoe_13adr_tools_alt3adr4list
FNDA:0,_RNvNtCsjBUuUdhrWoe_13adr_tools_alt3adr8generate
FNDA:4,_RNvNtCsjBUuUdhrWoe_13adr_tools_alt3adr11is_adr_file
FNDA:8,_RNvNtCsjBUuUdhrWoe_13adr_tools_alt3adr28extract_number_from_filename
FNDA:1,_RNvNtNtCsjBUuUdhrWoe_13adr_tools_alt3adr5testss_16test_is_adr_file
FNDA:1,_RNvNtNtCsjBUuUdhrWoe_13adr_tools_alt3adr5testss_33test_extract_number_from_filename
FNF:15
FNH:4
DA:11,0
DA:12,0
DA:13,0
DA:15,0
DA:16,0
DA:18,0
DA:21,0
DA:22,0
DA:25,0
DA:26,0
DA:28,0
DA:29,0
DA:32,0
DA:33,0
DA:35,0
DA:37,0
DA:38,0
DA:40,0
DA:41,0
DA:44,0
DA:45,0
DA:46,0
DA:47,0
DA:48,0
DA:49,0
DA:51,0
DA:52,0
DA:54,0
DA:56,0
DA:58,0
DA:59,0
DA:61,0
DA:64,0
DA:65,0
DA:66,0
DA:68,0
DA:71,0
DA:72,0
DA:73,0
DA:75,0
DA:76,0
DA:79,0
DA:80,0
DA:81,0
DA:82,0
DA:83,0
DA:84,0
DA:86,0
DA:87,0
DA:89,0
DA:90,0
DA:91,0
DA:93,0
DA:94,0
DA:95,0
DA:98,0
DA:100,0
DA:101,0
DA:102,0
DA:103,0
DA:106,0
DA:107,0
DA:110,0
DA:111,0
DA:112,0
DA:113,0
DA:114,0
DA:116,0
DA:119,0
DA:120,0
DA:121,0
DA:122,0
DA:123,0
DA:124,0
DA:126,0
DA:128,0
DA:129,0
DA:131,0
DA:132,0
DA:133,0
DA:135,0
DA:136,0
DA:137,0
DA:140,0
DA:142,0
DA:143,0
DA:144,0
DA:145,0
DA:146,0
DA:149,0
DA:150,0
DA:153,0
DA:154,0
DA:155,0
DA:156,0
DA:159,0
DA:160,0
DA:162,0
DA:163,0
DA:164,0
DA:166,0
DA:167,0
DA:168,0
DA:171,0
DA:172,0
DA:175,8
DA:176,8
DA:177,8
DA:178,4
DA:179,8
DA:182,4
DA:183,4
DA:184,4
DA:187,0
DA:188,0
DA:189,0
DA:191,0
DA:192,0
DA:193,0
DA:195,0
DA:196,0
DA:197,0
DA:198,0
DA:199,0
DA:202,0
DA:203,0
DA:206,0
DA:207,0
DA:208,0
DA:209,0
DA:211,0
DA:212,0
DA:213,0
DA:214,0
DA:217,0
DA:218,0
DA:220,0
DA:221,0
DA:222,0
DA:223,0
DA:224,0
DA:227,0
DA:228,0
DA:231,0
DA:232,0
DA:233,0
DA:234,0
DA:235,0
DA:242,1
DA:243,1
DA:244,1
DA:245,1
DA:246,1
DA:247,1
DA:250,1
DA:251,1
DA:252,1
DA:253,1
DA:254,1
DA:255,1
BRF:0
BRH:0
LF:161
LH:20
end_of_record
SF:/home/xavier/Projects/adr-tools-alt/src/config.rs
FN:10,_RNvNtCsimcndrxsKi7_13adr_tools_alt6config11get_adr_dir
FN:25,_RNvNtCsimcndrxsKi7_13adr_tools_alt6config11set_adr_dir
FN:31,_RNvNtCsimcndrxsKi7_13adr_tools_alt6config14ensure_adr_dir
FN:40,_RNvNtCsimcndrxsKi7_13adr_tools_alt6config14is_initialized
FN:34,_RNCNvNtCsimcndrxsKi7_13adr_tools_alt6config14ensure_adr_dir0B5_
FN:34,_RNCNvNtCsjBUuUdhrWoe_13adr_tools_alt6config14ensure_adr_dir0B5_
FN:10,_RNvNtCsjBUuUdhrWoe_13adr_tools_alt6config11get_adr_dir
FN:25,_RNvNtCsjBUuUdhrWoe_13adr_tools_alt6config11set_adr_dir
FN:31,_RNvNtCsjBUuUdhrWoe_13adr_tools_alt6config14ensure_adr_dir
FN:40,_RNvNtCsjBUuUdhrWoe_13adr_tools_alt6config14is_initialized
FNDA:0,_RNvNtCsimcndrxsKi7_13adr_tools_alt6config11get_adr_dir
FNDA:0,_RNvNtCsimcndrxsKi7_13adr_tools_alt6config11set_adr_dir
FNDA:0,_RNvNtCsimcndrxsKi7_13adr_tools_alt6config14ensure_adr_dir
FNDA:0,_RNvNtCsimcndrxsKi7_13adr_tools_alt6config14is_initialized
FNDA:0,_RNCNvNtCsimcndrxsKi7_13adr_tools_alt6config14ensure_adr_dir0B5_
FNDA:0,_RNCNvNtCsjBUuUdhrWoe_13adr_tools_alt6config14ensure_adr_dir0B5_
FNDA:0,_RNvNtCsjBUuUdhrWoe_13adr_tools_alt6config11get_adr_dir
FNDA:0,_RNvNtCsjBUuUdhrWoe_13adr_tools_alt6config11set_adr_dir
FNDA:0,_RNvNtCsjBUuUdhrWoe_13adr_tools_alt6config14ensure_adr_dir
FNDA:0,_RNvNtCsjBUuUdhrWoe_13adr_tools_alt6config14is_initialized
FNF:5
FNH:0
DA:10,0
DA:12,0
DA:13,0
DA:14,0
DA:15,0
DA:16,0
DA:17,0
DA:18,0
DA:21,0
DA:22,0
DA:25,0
DA:26,0
DA:27,0
DA:28,0
DA:31,0
DA:32,0
DA:33,0
DA:34,0
DA:35,0
DA:36,0
DA:37,0
DA:40,0
DA:41,0
DA:42,0
DA:43,0
DA:45,0
BRF:0
BRH:0
LF:27
LH:0
end_of_record
SF:/home/xavier/Projects/adr-tools-alt/src/main.rs
FN:41,_RNvCsimcndrxsKi7_13adr_tools_alt4main
FN:41,_RNvCsjBUuUdhrWoe_13adr_tools_alt4main
FNDA:0,_RNvCsimcndrxsKi7_13adr_tools_alt4main
FNDA:0,_RNvCsjBUuUdhrWoe_13adr_tools_alt4main
FNF:1
FNH:0
DA:41,0
DA:42,0
DA:44,0
DA:45,0
DA:46,0
DA:48,0
DA:49,0
DA:52,0
DA:54,0
DA:55,0
DA:59,0
DA:60,0
BRF:0
BRH:0
LF:12
LH:0
end_of_record
SF:/home/xavier/Projects/adr-tools-alt/src/template.rs
FN:48,_RNvNtCsimcndrxsKi7_13adr_tools_alt8template13fill_template
FN:60,_RNvNtCsimcndrxsKi7_13adr_tools_alt8template13title_to_slug
FN:73,_RNvNtCsimcndrxsKi7_13adr_tools_alt8template17generate_filename
FN:64,_RNCNvNtCsimcndrxsKi7_13adr_tools_alt8template13title_to_slug0B5_
FN:67,_RNCNvNtCsimcndrxsKi7_13adr_tools_alt8template13title_to_slugs_0B5_
FN:48,_RNvNtCsjBUuUdhrWoe_13adr_tools_alt8template13fill_template
FN:83,_RNvNtNtCsjBUuUdhrWoe_13adr_tools_alt8template5testss_18test_title_to_slug
FN:99,_RNvNtNtCsjBUuUdhrWoe_13adr_tools_alt8template5testss_22test_generate_filename
FN:64,_RNCNvNtCsjBUuUdhrWoe_13adr_tools_alt8template13title_to_slug0B5_
FN:67,_RNCNvNtCsjBUuUdhrWoe_13adr_tools_alt8template13title_to_slugs_0B5_
FN:60,_RNvNtCsjBUuUdhrWoe_13adr_tools_alt8template13title_to_slug
FN:73,_RNvNtCsjBUuUdhrWoe_13adr_tools_alt8template17generate_filename
FNDA:0,_RNvNtCsimcndrxsKi7_13adr_tools_alt8template13fill_template
FNDA:0,_RNvNtCsimcndrxsKi7_13adr_tools_alt8template13title_to_slug
FNDA:0,_RNvNtCsimcndrxsKi7_13adr_tools_alt8template17generate_filename
FNDA:0,_RNCNvNtCsimcndrxsKi7_13adr_tools_alt8template13title_to_slug0B5_
FNDA:0,_RNCNvNtCsimcndrxsKi7_13adr_tools_alt8template13title_to_slugs_0B5_
FNDA:0,_RNvNtCsjBUuUdhrWoe_13adr_tools_alt8template13fill_template
FNDA:1,_RNvNtNtCsjBUuUdhrWoe_13adr_tools_alt8template5testss_18test_title_to_slug
FNDA:1,_RNvNtNtCsjBUuUdhrWoe_13adr_tools_alt8template5testss_22test_generate_filename
FNDA:90,_RNCNvNtCsjBUuUdhrWoe_13adr_tools_alt8template13title_to_slug0B5_
FNDA:17,_RNCNvNtCsjBUuUdhrWoe_13adr_tools_alt8template13title_to_slugs_0B5_
FNDA:5,_RNvNtCsjBUuUdhrWoe_13adr_tools_alt8template13title_to_slug
FNDA:2,_RNvNtCsjBUuUdhrWoe_13adr_tools_alt8template17generate_filename
FNF:7
FNH:6
DA:48,0
DA:49,0
DA:50,0
DA:52,0
DA:53,0
DA:54,0
DA:55,0
DA:56,0
DA:57,0
DA:60,5
DA:61,5
DA:62,5
DA:63,5
DA:64,90
DA:65,5
DA:66,5
DA:67,17
DA:68,5
DA:69,5
DA:70,5
DA:73,2
DA:74,2
DA:75,2
DA:76,2
DA:83,1
DA:84,1
DA:85,1
DA:88,1
DA:89,1
DA:92,1
DA:93,1
DA:96,1
DA:99,1
DA:100,1
DA:101,1
DA:102,1
BRF:0
BRH:0
LF:38
LH:29
end_of_record